<?xml version="1.0" encoding="UTF-8"?>
<!-- Generated by org.testng.reporters.JUnitReportReporter -->
<testsuite hostname="TABLET-TKN4NNLS" failures="0" tests="1" name="com.may.demo.MakeReservationTest" time="17.728" errors="0" timestamp="2025-05-05T14:23:12 GMT+07:00" skipped="0">
  <testcase classname="com.may.demo.MakeReservationTest" name="testMakeReservationSuccessfully" time="17.728"/>
  <system-out/>
</testsuite> <!-- com.may.demo.MakeReservationTest -->
