<?xml version="1.0" encoding="UTF-8"?>
<!-- Generated by org.testng.reporters.JUnitReportReporter -->
<testsuite hostname="TABLET-TKN4NNLS" failures="0" tests="8" name="com.may.demo.LoginTest" time="42.332" errors="0" timestamp="2025-05-05T14:23:12 GMT+07:00" skipped="0">
  <testcase classname="com.may.demo.LoginTest" name="testEmptyPassword" time="1.551"/>
  <system-out/>
  <testcase classname="com.may.demo.LoginTest" name="testEmptyUsername" time="1.177"/>
  <system-out/>
  <testcase classname="com.may.demo.LoginTest" name="testValidLogin" time="5.842"/>
  <system-out/>
  <testcase classname="com.may.demo.LoginTest" name="testInvalidUsername" time="5.180"/>
  <system-out/>
  <testcase classname="com.may.demo.LoginTest" name="testInvalidPassword" time="6.390"/>
  <system-out/>
  <testcase classname="com.may.demo.LoginTest" name="testNonExistentUser" time="6.520"/>
  <system-out/>
  <testcase classname="com.may.demo.LoginTest" name="testViewPasswordToggle" time="5.923"/>
  <system-out/>
  <testcase classname="com.may.demo.LoginTest" name="testSaveLoginInformation" time="9.749"/>
  <system-out/>
</testsuite> <!-- com.may.demo.LoginTest -->
