<?xml version="1.0" encoding="UTF-8"?>
<!-- Generated by org.testng.reporters.JUnitReportReporter -->
<testsuite hostname="TABLET-TKN4NNLS" failures="0" tests="8" name="com.may.demo.LoginTest" time="35.478" errors="0" timestamp="2025-04-25T10:07:28 GMT+07:00" skipped="0">
  <testcase classname="com.may.demo.LoginTest" name="testEmptyPassword" time="3.049"/>
  <system-out/>
  <testcase classname="com.may.demo.LoginTest" name="testEmptyUsername" time="0.597"/>
  <system-out/>
  <testcase classname="com.may.demo.LoginTest" name="testValidLogin" time="4.474"/>
  <system-out/>
  <testcase classname="com.may.demo.LoginTest" name="testInvalidUsername" time="4.333"/>
  <system-out/>
  <testcase classname="com.may.demo.LoginTest" name="testInvalidPassword" time="4.115"/>
  <system-out/>
  <testcase classname="com.may.demo.LoginTest" name="testNonExistentUser" time="5.549"/>
  <system-out/>
  <testcase classname="com.may.demo.LoginTest" name="testViewPasswordToggle" time="5.740"/>
  <system-out/>
  <testcase classname="com.may.demo.LoginTest" name="testSaveLoginInformation" time="7.621"/>
  <system-out/>
</testsuite> <!-- com.may.demo.LoginTest -->
