<?xml version="1.0" encoding="UTF-8"?>
<!-- Generated by org.testng.reporters.JUnitReportReporter -->
<testsuite hostname="TABLET-TKN4NNLS" failures="0" tests="8" name="com.may.demo.LoginTest" time="36.226" errors="0" timestamp="2025-04-26T15:25:40 GMT+07:00" skipped="0">
  <testcase classname="com.may.demo.LoginTest" name="testEmptyPassword" time="3.476"/>
  <system-out/>
  <testcase classname="com.may.demo.LoginTest" name="testEmptyUsername" time="0.612"/>
  <system-out/>
  <testcase classname="com.may.demo.LoginTest" name="testValidLogin" time="4.345"/>
  <system-out/>
  <testcase classname="com.may.demo.LoginTest" name="testInvalidUsername" time="4.249"/>
  <system-out/>
  <testcase classname="com.may.demo.LoginTest" name="testInvalidPassword" time="4.365"/>
  <system-out/>
  <testcase classname="com.may.demo.LoginTest" name="testNonExistentUser" time="5.324"/>
  <system-out/>
  <testcase classname="com.may.demo.LoginTest" name="testViewPasswordToggle" time="5.642"/>
  <system-out/>
  <testcase classname="com.may.demo.LoginTest" name="testSaveLoginInformation" time="8.213"/>
  <system-out/>
</testsuite> <!-- com.may.demo.LoginTest -->
