<?xml version="1.0" encoding="UTF-8"?>
<!-- Generated by org.testng.reporters.JUnitReportReporter -->
<testsuite hostname="TABLET-TKN4NNLS" failures="0" tests="1" name="com.may.demo.MedicalFlowTest" time="16.783" errors="0" timestamp="2025-05-05T14:23:12 GMT+07:00" skipped="0">
  <testcase classname="com.may.demo.MedicalFlowTest" name="clickOnPatientNamedMinauto" time="16.783"/>
  <system-out/>
</testsuite> <!-- com.may.demo.MedicalFlowTest -->
